[21-Sep-2024 10:38:03 UTC] PHP Parse error:  syntax error, unexpected token "`" in C:\Users\yasmine.dhif\Local Sites\team-construct\app\public\wp-content\themes\mrparfait\inc\scripts.php on line 21
[21-Sep-2024 10:38:03 UTC] PHP Parse error:  syntax error, unexpected token "`" in C:\Users\yasmine.dhif\Local Sites\team-construct\app\public\wp-content\themes\mrparfait\inc\scripts.php on line 21
[05-Oct-2024 12:30:03 UTC] PHP Parse error:  syntax error, unexpected variable "$price" in C:\Users\yasmine.dhif\Local Sites\team-construct\app\public\wp-content\themes\mrparfait\page-design-system.php on line 72
[05-Oct-2024 12:34:00 UTC] PHP Parse error:  syntax error, unexpected token "=" in C:\Users\yasmine.dhif\Local Sites\team-construct\app\public\wp-content\themes\mrparfait\page-design-system.php on line 74
[05-Oct-2024 13:29:30 UTC] PHP Fatal error:  Uncaught TypeError: number_format(): Argument #2 ($decimals) must be of type int, string given in C:\Users\yasmine.dhif\Local Sites\team-construct\app\public\wp-content\themes\mrparfait\page-design-system.php:73
Stack trace:
#0 C:\Users\yasmine.dhif\Local Sites\team-construct\app\public\wp-content\themes\mrparfait\page-design-system.php(73): number_format('789563', ',', '.')
#1 C:\Users\yasmine.dhif\Local Sites\team-construct\app\public\wp-includes\template-loader.php(106): include('C:\\Users\\yasmin...')
#2 C:\Users\yasmine.dhif\Local Sites\team-construct\app\public\wp-blog-header.php(19): require_once('C:\\Users\\yasmin...')
#3 C:\Users\yasmine.dhif\Local Sites\team-construct\app\public\index.php(17): require('C:\\Users\\yasmin...')
#4 {main}
  thrown in C:\Users\yasmine.dhif\Local Sites\team-construct\app\public\wp-content\themes\mrparfait\page-design-system.php on line 73
[05-Oct-2024 13:41:35 UTC] PHP Parse error:  syntax error, unexpected token "=>", expecting ")" in C:\Users\yasmine.dhif\Local Sites\team-construct\app\public\wp-content\themes\mrparfait\page-design-system.php on line 67
[05-Oct-2024 13:50:37 UTC] PHP Parse error:  syntax error, unexpected token "=>", expecting ")" in C:\Users\yasmine.dhif\Local Sites\team-construct\app\public\wp-content\themes\mrparfait\page-design-system.php on line 67
[05-Oct-2024 14:04:58 UTC] PHP Parse error:  syntax error, unexpected token "=" in C:\Users\yasmine.dhif\Local Sites\team-construct\app\public\wp-content\themes\mrparfait\page-design-system.php on line 67
[05-Oct-2024 14:15:29 UTC] PHP Parse error:  syntax error, unexpected token "=" in C:\Users\yasmine.dhif\Local Sites\team-construct\app\public\wp-content\themes\mrparfait\page-design-system.php on line 67
[05-Oct-2024 14:19:22 UTC] PHP Parse error:  syntax error, unexpected token "=" in C:\Users\yasmine.dhif\Local Sites\team-construct\app\public\wp-content\themes\mrparfait\page-design-system.php on line 67
[05-Oct-2024 14:30:16 UTC] PHP Parse error:  syntax error, unexpected token "=" in C:\Users\yasmine.dhif\Local Sites\team-construct\app\public\wp-content\themes\mrparfait\page-design-system.php on line 67
[05-Oct-2024 14:33:33 UTC] PHP Parse error:  syntax error, unexpected token "=" in C:\Users\yasmine.dhif\Local Sites\team-construct\app\public\wp-content\themes\mrparfait\page-design-system.php on line 67
[05-Oct-2024 14:33:44 UTC] PHP Parse error:  syntax error, unexpected token "=" in C:\Users\yasmine.dhif\Local Sites\team-construct\app\public\wp-content\themes\mrparfait\page-design-system.php on line 67
[05-Oct-2024 14:34:12 UTC] PHP Parse error:  syntax error, unexpected token "=>", expecting ")" in C:\Users\yasmine.dhif\Local Sites\team-construct\app\public\wp-content\themes\mrparfait\page-design-system.php on line 72
[05-Oct-2024 14:36:52 UTC] PHP Parse error:  syntax error, unexpected token ";", expecting "]" in C:\Users\yasmine.dhif\Local Sites\team-construct\app\public\wp-content\themes\mrparfait\page-design-system.php on line 76
[05-Oct-2024 14:37:28 UTC] PHP Parse error:  syntax error, unexpected token ";", expecting "]" in C:\Users\yasmine.dhif\Local Sites\team-construct\app\public\wp-content\themes\mrparfait\page-design-system.php on line 76
[05-Oct-2024 14:38:02 UTC] PHP Parse error:  syntax error, unexpected token ";", expecting ")" in C:\Users\yasmine.dhif\Local Sites\team-construct\app\public\wp-content\themes\mrparfait\page-design-system.php on line 74
[05-Oct-2024 14:40:01 UTC] PHP Parse error:  syntax error, unexpected variable "$price" in C:\Users\yasmine.dhif\Local Sites\team-construct\app\public\wp-content\themes\mrparfait\template-parts\cards\card-property.php on line 16
[05-Oct-2024 14:43:03 UTC] PHP Parse error:  syntax error, unexpected variable "$price" in C:\Users\yasmine.dhif\Local Sites\team-construct\app\public\wp-content\themes\mrparfait\template-parts\cards\card-property.php on line 16
[05-Oct-2024 14:53:27 UTC] PHP Parse error:  syntax error, unexpected variable "$price" in C:\Users\yasmine.dhif\Local Sites\team-construct\app\public\wp-content\themes\mrparfait\template-parts\cards\card-property.php on line 16
[17-Oct-2024 16:26:33 UTC] PHP Parse error:  syntax error, unexpected variable "$price" in C:\Users\yasmine.dhif\Local Sites\team-construct\app\public\wp-content\themes\mrparfait\template-parts\cards\card-property.php on line 16
[17-Oct-2024 16:41:21 UTC] PHP Parse error:  syntax error, unexpected variable "$price" in C:\Users\yasmine.dhif\Local Sites\team-construct\app\public\wp-content\themes\mrparfait\template-parts\cards\card-property.php on line 16
[17-Oct-2024 16:47:51 UTC] PHP Parse error:  syntax error, unexpected variable "$href" in C:\Users\yasmine.dhif\Local Sites\team-construct\app\public\wp-content\themes\mrparfait\template-parts\cards\card-property.php on line 76
[17-Oct-2024 16:49:06 UTC] PHP Parse error:  syntax error, unexpected end of file, expecting "elseif" or "else" or "endif" in C:\Users\yasmine.dhif\Local Sites\team-construct\app\public\wp-content\themes\mrparfait\template-parts\cards\card-property.php on line 83
[17-Oct-2024 16:56:29 UTC] PHP Parse error:  syntax error, unexpected end of file, expecting "elseif" or "else" or "endif" in C:\Users\yasmine.dhif\Local Sites\team-construct\app\public\wp-content\themes\mrparfait\template-parts\cards\card-property.php on line 90
[17-Oct-2024 16:59:07 UTC] PHP Fatal error:  Cannot use isset() on the result of an expression (you can use "null !== expression" instead) in C:\Users\yasmine.dhif\Local Sites\team-construct\app\public\wp-content\themes\mrparfait\template-parts\cards\card-property.php on line 24
[17-Oct-2024 17:00:00 UTC] PHP Fatal error:  Cannot use isset() on the result of an expression (you can use "null !== expression" instead) in C:\Users\yasmine.dhif\Local Sites\team-construct\app\public\wp-content\themes\mrparfait\template-parts\cards\card-property.php on line 24
[17-Oct-2024 17:00:49 UTC] PHP Fatal error:  Cannot use isset() on the result of an expression (you can use "null !== expression" instead) in C:\Users\yasmine.dhif\Local Sites\team-construct\app\public\wp-content\themes\mrparfait\template-parts\cards\card-property.php on line 27
[17-Oct-2024 17:25:47 UTC] PHP Parse error:  syntax error, unexpected identifier "var2console" in C:\Users\yasmine.dhif\Local Sites\team-construct\app\public\wp-content\themes\mrparfait\archive.php on line 24
[17-Oct-2024 17:26:12 UTC] PHP Parse error:  syntax error, unexpected token "[", expecting "(" in C:\Users\yasmine.dhif\Local Sites\team-construct\app\public\wp-content\themes\mrparfait\archive.php on line 27
[17-Oct-2024 17:26:34 UTC] PHP Parse error:  syntax error, unexpected token "[", expecting "(" in C:\Users\yasmine.dhif\Local Sites\team-construct\app\public\wp-content\themes\mrparfait\archive.php on line 27
[17-Oct-2024 17:27:12 UTC] PHP Parse error:  syntax error, unexpected token "[", expecting "(" in C:\Users\yasmine.dhif\Local Sites\team-construct\app\public\wp-content\themes\mrparfait\archive.php on line 27
[17-Oct-2024 17:28:47 UTC] PHP Parse error:  syntax error, unexpected token "[", expecting "(" in C:\Users\yasmine.dhif\Local Sites\team-construct\app\public\wp-content\themes\mrparfait\archive.php on line 27
[17-Oct-2024 17:29:04 UTC] PHP Parse error:  syntax error, unexpected token "[", expecting "(" in C:\Users\yasmine.dhif\Local Sites\team-construct\app\public\wp-content\themes\mrparfait\archive.php on line 27
[17-Oct-2024 17:29:35 UTC] PHP Parse error:  syntax error, unexpected token "[", expecting "(" in C:\Users\yasmine.dhif\Local Sites\team-construct\app\public\wp-content\themes\mrparfait\archive.php on line 27
[17-Oct-2024 17:30:14 UTC] PHP Parse error:  syntax error, unexpected token "[", expecting ":" in C:\Users\yasmine.dhif\Local Sites\team-construct\app\public\wp-content\themes\mrparfait\archive.php on line 50
[17-Oct-2024 17:30:27 UTC] PHP Warning:  Undefined variable $query_vars in C:\Users\yasmine.dhif\Local Sites\team-construct\app\public\wp-content\themes\mrparfait\archive.php on line 22
[17-Oct-2024 17:30:52 UTC] PHP Parse error:  syntax error, unexpected token ",", expecting ":" in C:\Users\yasmine.dhif\Local Sites\team-construct\app\public\wp-content\themes\mrparfait\archive.php on line 49
[17-Oct-2024 17:31:02 UTC] PHP Warning:  Undefined variable $query_vars in C:\Users\yasmine.dhif\Local Sites\team-construct\app\public\wp-content\themes\mrparfait\archive.php on line 22
[17-Oct-2024 17:32:06 UTC] PHP Warning:  Undefined variable $query_vars in C:\Users\yasmine.dhif\Local Sites\team-construct\app\public\wp-content\themes\mrparfait\archive.php on line 22
