[09-Nov-2024 11:11:22 UTC] PHP Warning:  Undefined array key "property_id" in C:\Users\yasmine.dhif\Local Sites\team-construct\app\public\wp-content\themes\mrparfait\template-parts\cards\card-property.php on line 107
[09-Nov-2024 11:11:22 UTC] PHP Warning:  Undefined array key "property_id" in C:\Users\yasmine.dhif\Local Sites\team-construct\app\public\wp-content\themes\mrparfait\template-parts\cards\card-property.php on line 107
[09-Nov-2024 11:11:22 UTC] PHP Warning:  Undefined array key "property_id" in C:\Users\yasmine.dhif\Local Sites\team-construct\app\public\wp-content\themes\mrparfait\template-parts\cards\card-property.php on line 107
[09-Nov-2024 11:11:22 UTC] PHP Warning:  Undefined array key "property_id" in C:\Users\yasmine.dhif\Local Sites\team-construct\app\public\wp-content\themes\mrparfait\template-parts\cards\card-property.php on line 107
[09-Nov-2024 11:11:22 UTC] PHP Warning:  Undefined array key "property_id" in C:\Users\yasmine.dhif\Local Sites\team-construct\app\public\wp-content\themes\mrparfait\template-parts\cards\card-property.php on line 107
[09-Nov-2024 11:11:22 UTC] PHP Warning:  Undefined array key "property_id" in C:\Users\yasmine.dhif\Local Sites\team-construct\app\public\wp-content\themes\mrparfait\template-parts\cards\card-property.php on line 107
[09-Nov-2024 12:52:27 UTC] PHP Warning:  Undefined array key "property_id" in C:\Users\yasmine.dhif\Local Sites\team-construct\app\public\wp-content\themes\mrparfait\template-parts\cards\card-property.php on line 109
[09-Nov-2024 12:52:27 UTC] PHP Warning:  Undefined array key "property_id" in C:\Users\yasmine.dhif\Local Sites\team-construct\app\public\wp-content\themes\mrparfait\template-parts\cards\card-property.php on line 109
[09-Nov-2024 12:52:27 UTC] PHP Warning:  Undefined array key "property_id" in C:\Users\yasmine.dhif\Local Sites\team-construct\app\public\wp-content\themes\mrparfait\template-parts\cards\card-property.php on line 109
[09-Nov-2024 12:52:27 UTC] PHP Warning:  Undefined array key "property_id" in C:\Users\yasmine.dhif\Local Sites\team-construct\app\public\wp-content\themes\mrparfait\template-parts\cards\card-property.php on line 109
[09-Nov-2024 12:52:27 UTC] PHP Warning:  Undefined array key "property_id" in C:\Users\yasmine.dhif\Local Sites\team-construct\app\public\wp-content\themes\mrparfait\template-parts\cards\card-property.php on line 109
[09-Nov-2024 12:52:27 UTC] PHP Warning:  Undefined array key "property_id" in C:\Users\yasmine.dhif\Local Sites\team-construct\app\public\wp-content\themes\mrparfait\template-parts\cards\card-property.php on line 109
[09-Nov-2024 12:52:31 UTC] PHP Warning:  Undefined array key "property_id" in C:\Users\yasmine.dhif\Local Sites\team-construct\app\public\wp-content\themes\mrparfait\template-parts\cards\card-property.php on line 109
[09-Nov-2024 12:52:31 UTC] PHP Warning:  Undefined array key "property_id" in C:\Users\yasmine.dhif\Local Sites\team-construct\app\public\wp-content\themes\mrparfait\template-parts\cards\card-property.php on line 109
[09-Nov-2024 12:52:31 UTC] PHP Warning:  Undefined array key "property_id" in C:\Users\yasmine.dhif\Local Sites\team-construct\app\public\wp-content\themes\mrparfait\template-parts\cards\card-property.php on line 109
[09-Nov-2024 12:52:31 UTC] PHP Warning:  Undefined array key "property_id" in C:\Users\yasmine.dhif\Local Sites\team-construct\app\public\wp-content\themes\mrparfait\template-parts\cards\card-property.php on line 109
[09-Nov-2024 12:52:31 UTC] PHP Warning:  Undefined array key "property_id" in C:\Users\yasmine.dhif\Local Sites\team-construct\app\public\wp-content\themes\mrparfait\template-parts\cards\card-property.php on line 109
[09-Nov-2024 12:52:31 UTC] PHP Warning:  Undefined array key "property_id" in C:\Users\yasmine.dhif\Local Sites\team-construct\app\public\wp-content\themes\mrparfait\template-parts\cards\card-property.php on line 109
[09-Nov-2024 12:53:18 UTC] PHP Warning:  Undefined array key "property_id" in C:\Users\yasmine.dhif\Local Sites\team-construct\app\public\wp-content\themes\mrparfait\template-parts\cards\card-property.php on line 109
[09-Nov-2024 12:53:18 UTC] PHP Warning:  Undefined array key "property_id" in C:\Users\yasmine.dhif\Local Sites\team-construct\app\public\wp-content\themes\mrparfait\template-parts\cards\card-property.php on line 109
[09-Nov-2024 12:53:18 UTC] PHP Warning:  Undefined array key "property_id" in C:\Users\yasmine.dhif\Local Sites\team-construct\app\public\wp-content\themes\mrparfait\template-parts\cards\card-property.php on line 109
[09-Nov-2024 12:53:18 UTC] PHP Warning:  Undefined array key "property_id" in C:\Users\yasmine.dhif\Local Sites\team-construct\app\public\wp-content\themes\mrparfait\template-parts\cards\card-property.php on line 109
[09-Nov-2024 12:53:18 UTC] PHP Warning:  Undefined array key "property_id" in C:\Users\yasmine.dhif\Local Sites\team-construct\app\public\wp-content\themes\mrparfait\template-parts\cards\card-property.php on line 109
[09-Nov-2024 12:53:18 UTC] PHP Warning:  Undefined array key "property_id" in C:\Users\yasmine.dhif\Local Sites\team-construct\app\public\wp-content\themes\mrparfait\template-parts\cards\card-property.php on line 109
[09-Nov-2024 12:53:43 UTC] PHP Warning:  Undefined array key "property_id" in C:\Users\yasmine.dhif\Local Sites\team-construct\app\public\wp-content\themes\mrparfait\template-parts\cards\card-property.php on line 109
[09-Nov-2024 12:53:43 UTC] PHP Warning:  Undefined array key "property_id" in C:\Users\yasmine.dhif\Local Sites\team-construct\app\public\wp-content\themes\mrparfait\template-parts\cards\card-property.php on line 109
[09-Nov-2024 12:53:43 UTC] PHP Warning:  Undefined array key "property_id" in C:\Users\yasmine.dhif\Local Sites\team-construct\app\public\wp-content\themes\mrparfait\template-parts\cards\card-property.php on line 109
[09-Nov-2024 12:53:43 UTC] PHP Warning:  Undefined array key "property_id" in C:\Users\yasmine.dhif\Local Sites\team-construct\app\public\wp-content\themes\mrparfait\template-parts\cards\card-property.php on line 109
[09-Nov-2024 12:53:43 UTC] PHP Warning:  Undefined array key "property_id" in C:\Users\yasmine.dhif\Local Sites\team-construct\app\public\wp-content\themes\mrparfait\template-parts\cards\card-property.php on line 109
[09-Nov-2024 12:53:43 UTC] PHP Warning:  Undefined array key "property_id" in C:\Users\yasmine.dhif\Local Sites\team-construct\app\public\wp-content\themes\mrparfait\template-parts\cards\card-property.php on line 109
[09-Nov-2024 12:55:20 UTC] PHP Warning:  Undefined array key "property_id" in C:\Users\yasmine.dhif\Local Sites\team-construct\app\public\wp-content\themes\mrparfait\template-parts\cards\card-property.php on line 109
[09-Nov-2024 12:55:20 UTC] PHP Warning:  Undefined array key "property_id" in C:\Users\yasmine.dhif\Local Sites\team-construct\app\public\wp-content\themes\mrparfait\template-parts\cards\card-property.php on line 109
[09-Nov-2024 12:55:20 UTC] PHP Warning:  Undefined array key "property_id" in C:\Users\yasmine.dhif\Local Sites\team-construct\app\public\wp-content\themes\mrparfait\template-parts\cards\card-property.php on line 109
[09-Nov-2024 12:55:20 UTC] PHP Warning:  Undefined array key "property_id" in C:\Users\yasmine.dhif\Local Sites\team-construct\app\public\wp-content\themes\mrparfait\template-parts\cards\card-property.php on line 109
[09-Nov-2024 12:55:20 UTC] PHP Warning:  Undefined array key "property_id" in C:\Users\yasmine.dhif\Local Sites\team-construct\app\public\wp-content\themes\mrparfait\template-parts\cards\card-property.php on line 109
[09-Nov-2024 12:55:20 UTC] PHP Warning:  Undefined array key "property_id" in C:\Users\yasmine.dhif\Local Sites\team-construct\app\public\wp-content\themes\mrparfait\template-parts\cards\card-property.php on line 109
[09-Nov-2024 12:57:19 UTC] PHP Warning:  Undefined array key "property_id" in C:\Users\yasmine.dhif\Local Sites\team-construct\app\public\wp-content\themes\mrparfait\template-parts\cards\card-property.php on line 108
[09-Nov-2024 12:57:19 UTC] PHP Warning:  Undefined array key "property_id" in C:\Users\yasmine.dhif\Local Sites\team-construct\app\public\wp-content\themes\mrparfait\template-parts\cards\card-property.php on line 108
[09-Nov-2024 12:57:19 UTC] PHP Warning:  Undefined array key "property_id" in C:\Users\yasmine.dhif\Local Sites\team-construct\app\public\wp-content\themes\mrparfait\template-parts\cards\card-property.php on line 108
[09-Nov-2024 12:57:19 UTC] PHP Warning:  Undefined array key "property_id" in C:\Users\yasmine.dhif\Local Sites\team-construct\app\public\wp-content\themes\mrparfait\template-parts\cards\card-property.php on line 108
[09-Nov-2024 12:57:19 UTC] PHP Warning:  Undefined array key "property_id" in C:\Users\yasmine.dhif\Local Sites\team-construct\app\public\wp-content\themes\mrparfait\template-parts\cards\card-property.php on line 108
[09-Nov-2024 12:57:19 UTC] PHP Warning:  Undefined array key "property_id" in C:\Users\yasmine.dhif\Local Sites\team-construct\app\public\wp-content\themes\mrparfait\template-parts\cards\card-property.php on line 108
[09-Nov-2024 13:02:54 UTC] PHP Warning:  Undefined array key "property_id" in C:\Users\yasmine.dhif\Local Sites\team-construct\app\public\wp-content\themes\mrparfait\template-parts\cards\card-property.php on line 108
[09-Nov-2024 13:02:54 UTC] PHP Warning:  Undefined array key "property_id" in C:\Users\yasmine.dhif\Local Sites\team-construct\app\public\wp-content\themes\mrparfait\template-parts\cards\card-property.php on line 108
[09-Nov-2024 13:02:54 UTC] PHP Warning:  Undefined array key "property_id" in C:\Users\yasmine.dhif\Local Sites\team-construct\app\public\wp-content\themes\mrparfait\template-parts\cards\card-property.php on line 108
[09-Nov-2024 13:02:54 UTC] PHP Warning:  Undefined array key "property_id" in C:\Users\yasmine.dhif\Local Sites\team-construct\app\public\wp-content\themes\mrparfait\template-parts\cards\card-property.php on line 108
[09-Nov-2024 13:02:54 UTC] PHP Warning:  Undefined array key "property_id" in C:\Users\yasmine.dhif\Local Sites\team-construct\app\public\wp-content\themes\mrparfait\template-parts\cards\card-property.php on line 108
[09-Nov-2024 13:02:54 UTC] PHP Warning:  Undefined array key "property_id" in C:\Users\yasmine.dhif\Local Sites\team-construct\app\public\wp-content\themes\mrparfait\template-parts\cards\card-property.php on line 108
[09-Nov-2024 13:05:41 UTC] PHP Notice:  session_start(): Ignoring session_start() because a session is already active in C:\Users\yasmine.dhif\Local Sites\team-construct\app\public\wp-content\themes\mrparfait\inc\ajax.php on line 58
[09-Nov-2024 13:05:44 UTC] PHP Notice:  session_start(): Ignoring session_start() because a session is already active in C:\Users\yasmine.dhif\Local Sites\team-construct\app\public\wp-content\themes\mrparfait\inc\ajax.php on line 58
[09-Nov-2024 13:05:45 UTC] PHP Notice:  session_start(): Ignoring session_start() because a session is already active in C:\Users\yasmine.dhif\Local Sites\team-construct\app\public\wp-content\themes\mrparfait\inc\ajax.php on line 58
[09-Nov-2024 13:14:45 UTC] PHP Notice:  session_start(): Ignoring session_start() because a session is already active in C:\Users\yasmine.dhif\Local Sites\team-construct\app\public\wp-content\themes\mrparfait\inc\ajax.php on line 58
[09-Nov-2024 13:14:49 UTC] PHP Notice:  session_start(): Ignoring session_start() because a session is already active in C:\Users\yasmine.dhif\Local Sites\team-construct\app\public\wp-content\themes\mrparfait\inc\ajax.php on line 58
[09-Nov-2024 13:14:57 UTC] PHP Notice:  session_start(): Ignoring session_start() because a session is already active in C:\Users\yasmine.dhif\Local Sites\team-construct\app\public\wp-content\themes\mrparfait\inc\ajax.php on line 58
[09-Nov-2024 13:15:01 UTC] PHP Notice:  session_start(): Ignoring session_start() because a session is already active in C:\Users\yasmine.dhif\Local Sites\team-construct\app\public\wp-content\themes\mrparfait\inc\ajax.php on line 58
[09-Nov-2024 13:15:01 UTC] PHP Notice:  session_start(): Ignoring session_start() because a session is already active in C:\Users\yasmine.dhif\Local Sites\team-construct\app\public\wp-content\themes\mrparfait\inc\ajax.php on line 58
[09-Nov-2024 13:15:05 UTC] PHP Notice:  session_start(): Ignoring session_start() because a session is already active in C:\Users\yasmine.dhif\Local Sites\team-construct\app\public\wp-content\themes\mrparfait\inc\ajax.php on line 58
[09-Nov-2024 13:15:05 UTC] PHP Notice:  session_start(): Ignoring session_start() because a session is already active in C:\Users\yasmine.dhif\Local Sites\team-construct\app\public\wp-content\themes\mrparfait\inc\ajax.php on line 58
[09-Nov-2024 13:15:13 UTC] PHP Notice:  session_start(): Ignoring session_start() because a session is already active in C:\Users\yasmine.dhif\Local Sites\team-construct\app\public\wp-content\themes\mrparfait\inc\ajax.php on line 58
[09-Nov-2024 13:15:23 UTC] PHP Notice:  session_start(): Ignoring session_start() because a session is already active in C:\Users\yasmine.dhif\Local Sites\team-construct\app\public\wp-content\themes\mrparfait\inc\ajax.php on line 58
[09-Nov-2024 13:17:40 UTC] PHP Notice:  session_start(): Ignoring session_start() because a session is already active in C:\Users\yasmine.dhif\Local Sites\team-construct\app\public\wp-content\themes\mrparfait\inc\ajax.php on line 58
[09-Nov-2024 13:17:45 UTC] PHP Notice:  session_start(): Ignoring session_start() because a session is already active in C:\Users\yasmine.dhif\Local Sites\team-construct\app\public\wp-content\themes\mrparfait\inc\ajax.php on line 58
[09-Nov-2024 14:43:47 UTC] PHP Warning:  Undefined array key "wishlist" in C:\Users\yasmine.dhif\Local Sites\team-construct\app\public\wp-content\themes\mrparfait\template-parts\cards\card-property.php on line 112
[09-Nov-2024 14:43:47 UTC] PHP Fatal error:  Uncaught TypeError: in_array(): Argument #2 ($haystack) must be of type array, null given in C:\Users\yasmine.dhif\Local Sites\team-construct\app\public\wp-content\themes\mrparfait\template-parts\cards\card-property.php:112
Stack trace:
#0 C:\Users\yasmine.dhif\Local Sites\team-construct\app\public\wp-content\themes\mrparfait\template-parts\cards\card-property.php(112): in_array(8, NULL)
#1 C:\Users\yasmine.dhif\Local Sites\team-construct\app\public\wp-includes\template.php(812): require('C:\\Users\\yasmin...')
#2 C:\Users\yasmine.dhif\Local Sites\team-construct\app\public\wp-includes\template.php(745): load_template('C:\\Users\\yasmin...', false, Array)
#3 C:\Users\yasmine.dhif\Local Sites\team-construct\app\public\wp-includes\general-template.php(206): locate_template(Array, true, false, Array)
#4 C:\Users\yasmine.dhif\Local Sites\team-construct\app\public\wp-content\themes\mrparfait\page-design-system.php(149): get_template_part('template-parts/...', 'property', Array)
#5 C:\Users\yasmine.dhif\Local Sites\team-construct\app\public\wp-includes\template-loader.php(106): include('C:\\Users\\yasmin...')
#6 C:\Users\yasmine.dhif\Local Sites\team-construct\app\public\wp-blog-header.php(19): require_once('C:\\Users\\yasmin...')
#7 C:\Users\yasmine.dhif\Local Sites\team-construct\app\public\index.php(17): require('C:\\Users\\yasmin...')
#8 {main}
  thrown in C:\Users\yasmine.dhif\Local Sites\team-construct\app\public\wp-content\themes\mrparfait\template-parts\cards\card-property.php on line 112
[09-Nov-2024 14:46:32 UTC] PHP Warning:  Undefined array key "wishlist" in C:\Users\yasmine.dhif\Local Sites\team-construct\app\public\wp-content\themes\mrparfait\template-parts\cards\card-property.php on line 112
[09-Nov-2024 14:46:32 UTC] PHP Fatal error:  Uncaught TypeError: in_array(): Argument #2 ($haystack) must be of type array, null given in C:\Users\yasmine.dhif\Local Sites\team-construct\app\public\wp-content\themes\mrparfait\template-parts\cards\card-property.php:112
Stack trace:
#0 C:\Users\yasmine.dhif\Local Sites\team-construct\app\public\wp-content\themes\mrparfait\template-parts\cards\card-property.php(112): in_array(8, NULL)
#1 C:\Users\yasmine.dhif\Local Sites\team-construct\app\public\wp-includes\template.php(812): require('C:\\Users\\yasmin...')
#2 C:\Users\yasmine.dhif\Local Sites\team-construct\app\public\wp-includes\template.php(745): load_template('C:\\Users\\yasmin...', false, Array)
#3 C:\Users\yasmine.dhif\Local Sites\team-construct\app\public\wp-includes\general-template.php(206): locate_template(Array, true, false, Array)
#4 C:\Users\yasmine.dhif\Local Sites\team-construct\app\public\wp-content\themes\mrparfait\page-design-system.php(149): get_template_part('template-parts/...', 'property', Array)
#5 C:\Users\yasmine.dhif\Local Sites\team-construct\app\public\wp-includes\template-loader.php(106): include('C:\\Users\\yasmin...')
#6 C:\Users\yasmine.dhif\Local Sites\team-construct\app\public\wp-blog-header.php(19): require_once('C:\\Users\\yasmin...')
#7 C:\Users\yasmine.dhif\Local Sites\team-construct\app\public\index.php(17): require('C:\\Users\\yasmin...')
#8 {main}
  thrown in C:\Users\yasmine.dhif\Local Sites\team-construct\app\public\wp-content\themes\mrparfait\template-parts\cards\card-property.php on line 112
